<?xml version="1.0" encoding="UTF-8"?>
<!-- Generated by org.testng.reporters.JUnitReportReporter -->
<testsuite hostname="5CG1265QHJ" failures="0" tests="1" name="RSALoginTest" time="10.264" errors="0" timestamp="2022-03-21T19:56:45 IST" skipped="0">
  <testcase classname="RSALoginTest" name="HomePageCheck" time="10.264"/>
  <system-out/>
</testsuite> <!-- RSALoginTest -->
