<?xml version="1.0" encoding="UTF-8"?>
<!-- Generated by org.testng.reporters.JUnitReportReporter -->
<testsuite hostname="5CG1265QHJ" failures="0" tests="1" name="GoogleTest" time="7.866" errors="0" timestamp="2022-03-21T19:56:45 IST" skipped="0">
  <testcase classname="GoogleTest" name="HomePageCheck" time="7.866"/>
  <system-out/>
</testsuite> <!-- GoogleTest -->
